<<<<<<< Updated upstream



LOADING	C:\Users\USER\Downloads\AdvancedDriverAssistanceSystem\code\template\tc275\TriCore Debug (TASKING)\test.elf

=======
LOADING	C:\Users\USER\Desktop\AdvancedDriverAssistanceSystem\code\controller\TriCore Debug (TASKING)\controller.elf
>>>>>>> Stashed changes
EMULATION	Probe - System; Root
EMULATION	Initial debug frequency set
EMULATION	Asserting reset
EMULATION	Connected to SoC/core(s)
EMULATION	Finished connecting to SoC
EMULATION	Releasing reset
EMULATION	Initialization script (if any) done
No RAM which needs initialization found
EMULATION	Final debug frequency set
EMULATION	SoC ID match OK
SoC	Detected device: TC270 series, rev. DC
EMULATION	STARTED
<<<<<<< Updated upstream

PROGRAMMING 	26789 bytes
PROGRAMMING	Infineon TC27x_PFLASH_4MB (4 sectors)

EMULATION	END - Without cleanup
=======
PROGRAMMING 	23958 bytes
PROGRAMMING	Infineon TC27x_PFLASH_4MB (4 sectors)
EMULATION	END - Not attempting cleanup
>>>>>>> Stashed changes
